
Connected to: Oracle Database 11g Express Edition Release 11.2.0.2.0 - 64bit Production
Export done in KO16MSWIN949 character set and AL16UTF16 NCHAR character set
server uses AL32UTF8 character set (possible charset conversion)

About to export specified users ...
. exporting pre-schema procedural objects and actions
. exporting foreign function library names for user SCOTT 
. exporting PUBLIC type synonyms
. exporting private type synonyms
. exporting object type definitions for user SCOTT 
About to export SCOTT's objects ...
. exporting database links
. exporting sequence numbers
. exporting cluster definitions
. about to export SCOTT's tables via Conventional Path ...
. . exporting table                          BONUS          0 rows exported
. . exporting table                       BOOKLIST          9 rows exported
. . exporting table                           CMP2         13 rows exported
. . exporting table                           DEPT          4 rows exported
. . exporting table                            EMP         13 rows exported
. . exporting table                           EMP2         13 rows exported
. . exporting table                         EXAM01          0 rows exported
. . exporting table                     MEMBERLIST         10 rows exported
. . exporting table                        ORDERS1          0 rows exported
. . exporting table                       RENTLIST          9 rows exported
EXP-00091: Exporting questionable statistics.
. . exporting table                       SALGRADE          5 rows exported
. exporting synonyms
. exporting views
. exporting stored procedures
. exporting operators
. exporting referential integrity constraints
. exporting triggers
. exporting indextypes
. exporting bitmap, functional and extensible indexes
. exporting posttables actions
. exporting materialized views
. exporting snapshot logs
. exporting job queues
. exporting refresh groups and children
. exporting dimensions
. exporting post-schema procedural objects and actions
. exporting statistics
Export terminated successfully with warnings.
